2024-07-19 19:05:54,858 INFO o.a.j.u.JMeterUtils: Setting Locale to en_EN
2024-07-19 19:05:54,885 INFO o.a.j.JMeter: Loading user properties from: user.properties
2024-07-19 19:05:54,886 INFO o.a.j.JMeter: Loading system properties from: system.properties
2024-07-19 19:05:54,896 INFO o.a.j.JMeter: Copyright (c) 1998-2024 The Apache Software Foundation
2024-07-19 19:05:54,896 INFO o.a.j.JMeter: Version 5.6.3
2024-07-19 19:05:54,896 INFO o.a.j.JMeter: java.version=21.0.3
2024-07-19 19:05:54,896 INFO o.a.j.JMeter: java.vm.name=Java HotSpot(TM) 64-Bit Server VM
2024-07-19 19:05:54,896 INFO o.a.j.JMeter: os.name=Windows 11
2024-07-19 19:05:54,896 INFO o.a.j.JMeter: os.arch=amd64
2024-07-19 19:05:54,896 INFO o.a.j.JMeter: os.version=10.0
2024-07-19 19:05:54,896 INFO o.a.j.JMeter: file.encoding=UTF-8
2024-07-19 19:05:54,896 INFO o.a.j.JMeter: java.awt.headless=true
2024-07-19 19:05:54,896 INFO o.a.j.JMeter: Max memory     =1073741824
2024-07-19 19:05:54,896 INFO o.a.j.JMeter: Available Processors =8
2024-07-19 19:05:54,909 INFO o.a.j.JMeter: Default Locale=English (EN)
2024-07-19 19:05:54,909 INFO o.a.j.JMeter: JMeter  Locale=English (EN)
2024-07-19 19:05:54,909 INFO o.a.j.JMeter: JMeterHome=C:\Users\amitd\OneDrive\Desktop\apache-jmeter-5.6.3\apache-jmeter-5.6.3
2024-07-19 19:05:54,909 INFO o.a.j.JMeter: user.dir  =C:\Users\amitd\OneDrive\Desktop\apache-jmeter-5.6.3\apache-jmeter-5.6.3\bin
2024-07-19 19:05:54,910 INFO o.a.j.JMeter: PWD       =C:\Users\amitd\OneDrive\Desktop\apache-jmeter-5.6.3\apache-jmeter-5.6.3\bin
2024-07-19 19:05:54,910 INFO o.a.j.JMeter: IP: 192.168.53.78 Name: AmithDas FullName: AmithDas
2024-07-19 19:05:54,922 INFO o.a.j.s.FileServer: Default base='C:\Users\amitd\OneDrive\Desktop\apache-jmeter-5.6.3\apache-jmeter-5.6.3\bin'
2024-07-19 19:05:54,925 INFO o.a.j.s.FileServer: Set new base='C:\Users\amitd\OneDrive\Desktop\apache-jmeter-5.6.3\apache-jmeter-5.6.3\bin'
2024-07-19 19:05:55,131 INFO o.a.j.s.SaveService: Testplan (JMX) version: 2.2. Testlog (JTL) version: 2.2
2024-07-19 19:05:55,170 INFO o.a.j.s.SaveService: Using SaveService properties version 5.0
2024-07-19 19:05:55,172 INFO o.a.j.s.SaveService: Using SaveService properties file encoding UTF-8
2024-07-19 19:05:55,174 INFO o.a.j.s.SaveService: Loading file: 19july.jmx
2024-07-19 19:05:55,252 INFO o.a.j.JMeter: Creating summariser <summary>
2024-07-19 19:05:55,268 INFO o.a.j.e.StandardJMeterEngine: Running the test!
2024-07-19 19:05:55,269 INFO o.a.j.s.SampleEvent: List of sample_variables: []
2024-07-19 19:05:55,269 INFO o.a.j.s.SampleEvent: List of sample_variables: []
2024-07-19 19:05:55,272 INFO o.a.j.e.u.CompoundVariable: Note: Function class names must contain the string: '.functions.'
2024-07-19 19:05:55,273 INFO o.a.j.e.u.CompoundVariable: Note: Function class names must not contain the string: '.gui.'
2024-07-19 19:05:55,349 INFO o.a.j.r.ClassFinder: Will scan jar C:\Users\amitd\OneDrive\Desktop\apache-jmeter-5.6.3\apache-jmeter-5.6.3\lib\ext\jmeter-parallel-0.12.jar with filter ExtendsClassFilter [parents=[interface org.apache.jmeter.functions.Function], inner=false, contains=null, notContains=null]. Consider exposing JMeter plugins via META-INF/services, and add JMeter-Skip-Class-Scanning=true manifest attribute so JMeter can skip classfile scanning
2024-07-19 19:05:55,359 INFO o.a.j.r.ClassFinder: Will scan jar C:\Users\amitd\OneDrive\Desktop\apache-jmeter-5.6.3\apache-jmeter-5.6.3\lib\ext\jmeter-plugins-mergeresults-2.1.jar with filter ExtendsClassFilter [parents=[interface org.apache.jmeter.functions.Function], inner=false, contains=null, notContains=null]. Consider exposing JMeter plugins via META-INF/services, and add JMeter-Skip-Class-Scanning=true manifest attribute so JMeter can skip classfile scanning
2024-07-19 19:05:55,362 INFO o.a.j.r.ClassFinder: Will scan jar C:\Users\amitd\OneDrive\Desktop\apache-jmeter-5.6.3\apache-jmeter-5.6.3\lib\ext\jmeter-plugins-functions-2.2.jar with filter ExtendsClassFilter [parents=[interface org.apache.jmeter.functions.Function], inner=false, contains=null, notContains=null]. Consider exposing JMeter plugins via META-INF/services, and add JMeter-Skip-Class-Scanning=true manifest attribute so JMeter can skip classfile scanning
2024-07-19 19:05:55,370 INFO o.a.j.r.ClassFinder: Will scan jar C:\Users\amitd\OneDrive\Desktop\apache-jmeter-5.6.3\apache-jmeter-5.6.3\lib\ext\jmeter-plugins-manager-1.10.jar with filter ExtendsClassFilter [parents=[interface org.apache.jmeter.functions.Function], inner=false, contains=null, notContains=null]. Consider exposing JMeter plugins via META-INF/services, and add JMeter-Skip-Class-Scanning=true manifest attribute so JMeter can skip classfile scanning
2024-07-19 19:05:55,463 INFO o.a.j.r.ClassFinder: Will scan jar C:\Users\amitd\OneDrive\Desktop\apache-jmeter-5.6.3\apache-jmeter-5.6.3\lib\ext\jmeter-plugins-dummy-0.4.jar with filter ExtendsClassFilter [parents=[interface org.apache.jmeter.functions.Function], inner=false, contains=null, notContains=null]. Consider exposing JMeter plugins via META-INF/services, and add JMeter-Skip-Class-Scanning=true manifest attribute so JMeter can skip classfile scanning
2024-07-19 19:05:55,469 INFO o.a.j.r.ClassFinder: Will scan jar C:\Users\amitd\OneDrive\Desktop\apache-jmeter-5.6.3\apache-jmeter-5.6.3\lib\ext\jmeter-plugins-manager-1.10 (1).jar with filter ExtendsClassFilter [parents=[interface org.apache.jmeter.functions.Function], inner=false, contains=null, notContains=null]. Consider exposing JMeter plugins via META-INF/services, and add JMeter-Skip-Class-Scanning=true manifest attribute so JMeter can skip classfile scanning
2024-07-19 19:05:55,470 INFO o.a.j.r.ClassFinder: Will scan jar C:\Users\amitd\OneDrive\Desktop\apache-jmeter-5.6.3\apache-jmeter-5.6.3\lib\ext\jmeter-plugins-perfmon-2.1.jar with filter ExtendsClassFilter [parents=[interface org.apache.jmeter.functions.Function], inner=false, contains=null, notContains=null]. Consider exposing JMeter plugins via META-INF/services, and add JMeter-Skip-Class-Scanning=true manifest attribute so JMeter can skip classfile scanning
2024-07-19 19:05:55,490 INFO o.a.j.JMeter: Running test (1721396155489)
2024-07-19 19:05:55,505 INFO o.a.j.e.StandardJMeterEngine: Starting ThreadGroup: 1 : Thread Group
2024-07-19 19:05:55,506 INFO o.a.j.e.StandardJMeterEngine: Starting 1 threads for group Thread Group.
2024-07-19 19:05:55,506 INFO o.a.j.e.StandardJMeterEngine: Thread will continue on error
2024-07-19 19:05:55,506 INFO o.a.j.t.ThreadGroup: Starting thread group... number=1 threads=1 ramp-up=1 delayedStart=false
2024-07-19 19:05:55,509 INFO o.a.j.t.ThreadGroup: Started thread group number 1
2024-07-19 19:05:55,510 INFO o.a.j.e.StandardJMeterEngine: All thread groups have been started
2024-07-19 19:05:55,511 INFO o.a.j.t.JMeterThread: Thread started: Thread Group 1-1
2024-07-19 19:05:55,514 INFO o.a.j.s.SampleResult: Note: Sample TimeStamps are START times
2024-07-19 19:05:55,514 INFO o.a.j.s.SampleResult: sampleresult.default.encoding is set to UTF-8
2024-07-19 19:05:55,514 INFO o.a.j.s.SampleResult: sampleresult.useNanoTime=true
2024-07-19 19:05:55,514 INFO o.a.j.s.SampleResult: sampleresult.nanoThreadSleep=5000
2024-07-19 19:06:00,377 INFO o.a.j.r.Summariser: summary +     15 in 00:00:05 =    3.1/s Avg:   319 Min:    55 Max:   494 Err:     0 (0.00%) Active: 1 Started: 1 Finished: 0
2024-07-19 19:06:30,213 INFO o.a.j.r.Summariser: summary +    116 in 00:00:30 =    3.9/s Avg:   255 Min:    51 Max:   514 Err:     0 (0.00%) Active: 1 Started: 1 Finished: 0
2024-07-19 19:06:30,215 INFO o.a.j.r.Summariser: summary =    131 in 00:00:35 =    3.8/s Avg:   262 Min:    51 Max:   514 Err:     0 (0.00%)
2024-07-19 19:07:00,221 INFO o.a.j.r.Summariser: summary +    106 in 00:00:30 =    3.5/s Avg:   281 Min:    52 Max:   498 Err:     0 (0.00%) Active: 1 Started: 1 Finished: 0
2024-07-19 19:07:00,222 INFO o.a.j.r.Summariser: summary =    237 in 00:01:05 =    3.7/s Avg:   271 Min:    51 Max:   514 Err:     0 (0.00%)
2024-07-19 19:07:30,351 INFO o.a.j.r.Summariser: summary +    112 in 00:00:30 =    3.7/s Avg:   267 Min:    56 Max:   492 Err:     0 (0.00%) Active: 1 Started: 1 Finished: 0
2024-07-19 19:07:30,354 INFO o.a.j.r.Summariser: summary =    349 in 00:01:35 =    3.7/s Avg:   270 Min:    51 Max:   514 Err:     0 (0.00%)
2024-07-19 19:07:55,518 INFO o.a.j.t.JMeterThread: Stopping because end time detected by thread: Thread Group 1-1
2024-07-19 19:07:55,518 INFO o.a.j.t.JMeterThread: Thread finished: Thread Group 1-1
2024-07-19 19:07:55,519 INFO o.a.j.e.StandardJMeterEngine: Notifying test listeners of end of test
2024-07-19 19:07:55,523 INFO o.a.j.r.Summariser: summary +     86 in 00:00:25 =    3.4/s Avg:   291 Min:    53 Max:   490 Err:     0 (0.00%) Active: 0 Started: 1 Finished: 1
2024-07-19 19:07:55,524 INFO o.a.j.r.Summariser: summary =    435 in 00:02:00 =    3.6/s Avg:   274 Min:    51 Max:   514 Err:     0 (0.00%)
